-- Install configuration: ""
-- Up-to-date: /home/ben-may/ros_workspaces/slambot_ws2/src/install/slambot_description/share/slambot_description//launch
-- Up-to-date: /home/ben-may/ros_workspaces/slambot_ws2/src/install/slambot_description/share/slambot_description//launch/rviz.launch.py
-- Up-to-date: /home/ben-may/ros_workspaces/slambot_ws2/src/install/slambot_description/share/slambot_description//assets
-- Up-to-date: /home/ben-may/ros_workspaces/slambot_ws2/src/install/slambot_description/share/slambot_description//assets/camera_link.part
-- Up-to-date: /home/ben-may/ros_workspaces/slambot_ws2/src/install/slambot_description/share/slambot_description//assets/base_link.stl
-- Up-to-date: /home/ben-may/ros_workspaces/slambot_ws2/src/install/slambot_description/share/slambot_description//assets/camera_link.stl
-- Up-to-date: /home/ben-may/ros_workspaces/slambot_ws2/src/install/slambot_description/share/slambot_description//assets/base_link.part
-- Up-to-date: /home/ben-may/ros_workspaces/slambot_ws2/src/install/slambot_description/share/slambot_description//assets/lidar_link.part
-- Up-to-date: /home/ben-may/ros_workspaces/slambot_ws2/src/install/slambot_description/share/slambot_description//assets/wheel_link.stl
-- Up-to-date: /home/ben-may/ros_workspaces/slambot_ws2/src/install/slambot_description/share/slambot_description//assets/wheel_link.part
-- Up-to-date: /home/ben-may/ros_workspaces/slambot_ws2/src/install/slambot_description/share/slambot_description//assets/lidar_link.stl
-- Up-to-date: /home/ben-may/ros_workspaces/slambot_ws2/src/install/slambot_description/share/slambot_description//urdf
-- Up-to-date: /home/ben-may/ros_workspaces/slambot_ws2/src/install/slambot_description/share/slambot_description//urdf/modules
-- Up-to-date: /home/ben-may/ros_workspaces/slambot_ws2/src/install/slambot_description/share/slambot_description//urdf/modules/lidar.xacro
-- Up-to-date: /home/ben-may/ros_workspaces/slambot_ws2/src/install/slambot_description/share/slambot_description//urdf/modules/camera.xacro
-- Up-to-date: /home/ben-may/ros_workspaces/slambot_ws2/src/install/slambot_description/share/slambot_description//urdf/modules/chassis_and_wheels.xacro
-- Up-to-date: /home/ben-may/ros_workspaces/slambot_ws2/src/install/slambot_description/share/slambot_description//urdf/modules/imu.xacro
-- Up-to-date: /home/ben-may/ros_workspaces/slambot_ws2/src/install/slambot_description/share/slambot_description//urdf/xacro_properties
-- Up-to-date: /home/ben-may/ros_workspaces/slambot_ws2/src/install/slambot_description/share/slambot_description//urdf/xacro_properties/xacro_properties.xacro
-- Up-to-date: /home/ben-may/ros_workspaces/slambot_ws2/src/install/slambot_description/share/slambot_description//urdf/gazebo
-- Installing: /home/ben-may/ros_workspaces/slambot_ws2/src/install/slambot_description/share/slambot_description//urdf/gazebo/gazebo_plugins.xacro
-- Up-to-date: /home/ben-may/ros_workspaces/slambot_ws2/src/install/slambot_description/share/slambot_description//urdf/gazebo/gazebo_properties.xacro
-- Up-to-date: /home/ben-may/ros_workspaces/slambot_ws2/src/install/slambot_description/share/slambot_description//urdf/slambot.urdf.xacro
-- Up-to-date: /home/ben-may/ros_workspaces/slambot_ws2/src/install/slambot_description/share/slambot_description//rviz
-- Up-to-date: /home/ben-may/ros_workspaces/slambot_ws2/src/install/slambot_description/share/slambot_description//rviz/rviz_config_namespaced.rviz
-- Up-to-date: /home/ben-may/ros_workspaces/slambot_ws2/src/install/slambot_description/share/slambot_description//rviz/rviz_config.rviz
-- Up-to-date: /home/ben-may/ros_workspaces/slambot_ws2/src/install/slambot_description/share/ament_index/resource_index/package_run_dependencies/slambot_description
-- Up-to-date: /home/ben-may/ros_workspaces/slambot_ws2/src/install/slambot_description/share/ament_index/resource_index/parent_prefix_path/slambot_description
-- Up-to-date: /home/ben-may/ros_workspaces/slambot_ws2/src/install/slambot_description/share/slambot_description/environment/ament_prefix_path.sh
-- Up-to-date: /home/ben-may/ros_workspaces/slambot_ws2/src/install/slambot_description/share/slambot_description/environment/ament_prefix_path.dsv
-- Up-to-date: /home/ben-may/ros_workspaces/slambot_ws2/src/install/slambot_description/share/slambot_description/environment/path.sh
-- Up-to-date: /home/ben-may/ros_workspaces/slambot_ws2/src/install/slambot_description/share/slambot_description/environment/path.dsv
-- Up-to-date: /home/ben-may/ros_workspaces/slambot_ws2/src/install/slambot_description/share/slambot_description/local_setup.bash
-- Up-to-date: /home/ben-may/ros_workspaces/slambot_ws2/src/install/slambot_description/share/slambot_description/local_setup.sh
-- Up-to-date: /home/ben-may/ros_workspaces/slambot_ws2/src/install/slambot_description/share/slambot_description/local_setup.zsh
-- Up-to-date: /home/ben-may/ros_workspaces/slambot_ws2/src/install/slambot_description/share/slambot_description/local_setup.dsv
-- Up-to-date: /home/ben-may/ros_workspaces/slambot_ws2/src/install/slambot_description/share/slambot_description/package.dsv
-- Up-to-date: /home/ben-may/ros_workspaces/slambot_ws2/src/install/slambot_description/share/ament_index/resource_index/packages/slambot_description
-- Up-to-date: /home/ben-may/ros_workspaces/slambot_ws2/src/install/slambot_description/share/slambot_description/cmake/slambot_descriptionConfig.cmake
-- Up-to-date: /home/ben-may/ros_workspaces/slambot_ws2/src/install/slambot_description/share/slambot_description/cmake/slambot_descriptionConfig-version.cmake
-- Up-to-date: /home/ben-may/ros_workspaces/slambot_ws2/src/install/slambot_description/share/slambot_description/package.xml
