[0.007s] Invoking command in '/home/ben-may/ros_workspaces/slambot_ws2/src/build/slambot_description': CMAKE_PREFIX_PATH=${CMAKE_PREFIX_PATH}:/opt/ros/jazzy DEBUGINFOD_URLS=https://debuginfod.ubuntu.com /usr/bin/cmake --build /home/ben-may/ros_workspaces/slambot_ws2/src/build/slambot_description -- -j24 -l24
[0.037s] Invoked command in '/home/ben-may/ros_workspaces/slambot_ws2/src/build/slambot_description' returned '0': CMAKE_PREFIX_PATH=${CMAKE_PREFIX_PATH}:/opt/ros/jazzy DEBUGINFOD_URLS=https://debuginfod.ubuntu.com /usr/bin/cmake --build /home/ben-may/ros_workspaces/slambot_ws2/src/build/slambot_description -- -j24 -l24
[0.044s] Invoking command in '/home/ben-may/ros_workspaces/slambot_ws2/src/build/slambot_description': CMAKE_PREFIX_PATH=${CMAKE_PREFIX_PATH}:/opt/ros/jazzy DEBUGINFOD_URLS=https://debuginfod.ubuntu.com /usr/bin/cmake --install /home/ben-may/ros_workspaces/slambot_ws2/src/build/slambot_description
[0.054s] -- Install configuration: ""
[0.054s] -- Up-to-date: /home/ben-may/ros_workspaces/slambot_ws2/src/install/slambot_description/share/slambot_description//launch
[0.054s] -- Up-to-date: /home/ben-may/ros_workspaces/slambot_ws2/src/install/slambot_description/share/slambot_description//launch/rviz.launch.py
[0.054s] -- Up-to-date: /home/ben-may/ros_workspaces/slambot_ws2/src/install/slambot_description/share/slambot_description//assets
[0.054s] -- Up-to-date: /home/ben-may/ros_workspaces/slambot_ws2/src/install/slambot_description/share/slambot_description//assets/camera_link.part
[0.054s] -- Up-to-date: /home/ben-may/ros_workspaces/slambot_ws2/src/install/slambot_description/share/slambot_description//assets/base_link.stl
[0.054s] -- Up-to-date: /home/ben-may/ros_workspaces/slambot_ws2/src/install/slambot_description/share/slambot_description//assets/camera_link.stl
[0.054s] -- Up-to-date: /home/ben-may/ros_workspaces/slambot_ws2/src/install/slambot_description/share/slambot_description//assets/base_link.part
[0.054s] -- Up-to-date: /home/ben-may/ros_workspaces/slambot_ws2/src/install/slambot_description/share/slambot_description//assets/lidar_link.part
[0.054s] -- Up-to-date: /home/ben-may/ros_workspaces/slambot_ws2/src/install/slambot_description/share/slambot_description//assets/wheel_link.stl
[0.054s] -- Up-to-date: /home/ben-may/ros_workspaces/slambot_ws2/src/install/slambot_description/share/slambot_description//assets/wheel_link.part
[0.054s] -- Up-to-date: /home/ben-may/ros_workspaces/slambot_ws2/src/install/slambot_description/share/slambot_description//assets/lidar_link.stl
[0.054s] -- Up-to-date: /home/ben-may/ros_workspaces/slambot_ws2/src/install/slambot_description/share/slambot_description//urdf
[0.054s] -- Up-to-date: /home/ben-may/ros_workspaces/slambot_ws2/src/install/slambot_description/share/slambot_description//urdf/modules
[0.054s] -- Up-to-date: /home/ben-may/ros_workspaces/slambot_ws2/src/install/slambot_description/share/slambot_description//urdf/modules/lidar.xacro
[0.054s] -- Up-to-date: /home/ben-may/ros_workspaces/slambot_ws2/src/install/slambot_description/share/slambot_description//urdf/modules/camera.xacro
[0.054s] -- Up-to-date: /home/ben-may/ros_workspaces/slambot_ws2/src/install/slambot_description/share/slambot_description//urdf/modules/chassis_and_wheels.xacro
[0.054s] -- Up-to-date: /home/ben-may/ros_workspaces/slambot_ws2/src/install/slambot_description/share/slambot_description//urdf/modules/imu.xacro
[0.054s] -- Up-to-date: /home/ben-may/ros_workspaces/slambot_ws2/src/install/slambot_description/share/slambot_description//urdf/xacro_properties
[0.055s] -- Up-to-date: /home/ben-may/ros_workspaces/slambot_ws2/src/install/slambot_description/share/slambot_description//urdf/xacro_properties/xacro_properties.xacro
[0.055s] -- Up-to-date: /home/ben-may/ros_workspaces/slambot_ws2/src/install/slambot_description/share/slambot_description//urdf/gazebo
[0.055s] -- Installing: /home/ben-may/ros_workspaces/slambot_ws2/src/install/slambot_description/share/slambot_description//urdf/gazebo/gazebo_plugins.xacro
[0.055s] -- Up-to-date: /home/ben-may/ros_workspaces/slambot_ws2/src/install/slambot_description/share/slambot_description//urdf/gazebo/gazebo_properties.xacro
[0.055s] -- Up-to-date: /home/ben-may/ros_workspaces/slambot_ws2/src/install/slambot_description/share/slambot_description//urdf/slambot.urdf.xacro
[0.055s] -- Up-to-date: /home/ben-may/ros_workspaces/slambot_ws2/src/install/slambot_description/share/slambot_description//rviz
[0.055s] -- Up-to-date: /home/ben-may/ros_workspaces/slambot_ws2/src/install/slambot_description/share/slambot_description//rviz/rviz_config_namespaced.rviz
[0.055s] -- Up-to-date: /home/ben-may/ros_workspaces/slambot_ws2/src/install/slambot_description/share/slambot_description//rviz/rviz_config.rviz
[0.055s] -- Up-to-date: /home/ben-may/ros_workspaces/slambot_ws2/src/install/slambot_description/share/ament_index/resource_index/package_run_dependencies/slambot_description
[0.055s] -- Up-to-date: /home/ben-may/ros_workspaces/slambot_ws2/src/install/slambot_description/share/ament_index/resource_index/parent_prefix_path/slambot_description
[0.055s] -- Up-to-date: /home/ben-may/ros_workspaces/slambot_ws2/src/install/slambot_description/share/slambot_description/environment/ament_prefix_path.sh
[0.055s] -- Up-to-date: /home/ben-may/ros_workspaces/slambot_ws2/src/install/slambot_description/share/slambot_description/environment/ament_prefix_path.dsv
[0.055s] -- Up-to-date: /home/ben-may/ros_workspaces/slambot_ws2/src/install/slambot_description/share/slambot_description/environment/path.sh
[0.055s] -- Up-to-date: /home/ben-may/ros_workspaces/slambot_ws2/src/install/slambot_description/share/slambot_description/environment/path.dsv
[0.055s] -- Up-to-date: /home/ben-may/ros_workspaces/slambot_ws2/src/install/slambot_description/share/slambot_description/local_setup.bash
[0.055s] -- Up-to-date: /home/ben-may/ros_workspaces/slambot_ws2/src/install/slambot_description/share/slambot_description/local_setup.sh
[0.055s] -- Up-to-date: /home/ben-may/ros_workspaces/slambot_ws2/src/install/slambot_description/share/slambot_description/local_setup.zsh
[0.055s] -- Up-to-date: /home/ben-may/ros_workspaces/slambot_ws2/src/install/slambot_description/share/slambot_description/local_setup.dsv
[0.056s] -- Up-to-date: /home/ben-may/ros_workspaces/slambot_ws2/src/install/slambot_description/share/slambot_description/package.dsv
[0.056s] -- Up-to-date: /home/ben-may/ros_workspaces/slambot_ws2/src/install/slambot_description/share/ament_index/resource_index/packages/slambot_description
[0.056s] -- Up-to-date: /home/ben-may/ros_workspaces/slambot_ws2/src/install/slambot_description/share/slambot_description/cmake/slambot_descriptionConfig.cmake
[0.056s] -- Up-to-date: /home/ben-may/ros_workspaces/slambot_ws2/src/install/slambot_description/share/slambot_description/cmake/slambot_descriptionConfig-version.cmake
[0.056s] -- Up-to-date: /home/ben-may/ros_workspaces/slambot_ws2/src/install/slambot_description/share/slambot_description/package.xml
[0.056s] Invoked command in '/home/ben-may/ros_workspaces/slambot_ws2/src/build/slambot_description' returned '0': CMAKE_PREFIX_PATH=${CMAKE_PREFIX_PATH}:/opt/ros/jazzy DEBUGINFOD_URLS=https://debuginfod.ubuntu.com /usr/bin/cmake --install /home/ben-may/ros_workspaces/slambot_ws2/src/build/slambot_description
