[0.051s] DEBUG:colcon:Command line arguments: ['/usr/bin/colcon', 'build', '--packages-select', 'slambot_description']
[0.051s] DEBUG:colcon:Parsed command line arguments: Namespace(log_base=None, log_level=None, verb_name='build', build_base='build', install_base='install', merge_install=False, symlink_install=False, test_result_base=None, continue_on_error=False, executor='parallel', parallel_workers=24, event_handlers=None, ignore_user_meta=False, metas=['./colcon.meta'], base_paths=['.'], packages_ignore=None, packages_ignore_regex=None, paths=None, packages_up_to=None, packages_up_to_regex=None, packages_above=None, packages_above_and_dependencies=None, packages_above_depth=None, packages_select_by_dep=None, packages_skip_by_dep=None, packages_skip_up_to=None, packages_select_build_failed=False, packages_skip_build_finished=False, packages_select_test_failures=False, packages_skip_test_passed=False, packages_select=['slambot_description'], packages_skip=None, packages_select_regex=None, packages_skip_regex=None, packages_start=None, packages_end=None, allow_overriding=[], cmake_args=None, cmake_target=None, cmake_target_skip_unavailable=False, cmake_clean_cache=False, cmake_clean_first=False, cmake_force_configure=False, ament_cmake_args=None, catkin_cmake_args=None, catkin_skip_building_tests=False, mixin_files=None, mixin=None, verb_parser=<colcon_mixin.mixin.mixin_argument.MixinArgumentDecorator object at 0x729c5ae35730>, verb_extension=<colcon_core.verb.build.BuildVerb object at 0x729c5adaf740>, main=<bound method BuildVerb.main of <colcon_core.verb.build.BuildVerb object at 0x729c5adaf740>>, mixin_verb=('build',))
[0.070s] Level 1:colcon.colcon_core.package_discovery:discover_packages(colcon_meta) check parameters
[0.070s] Level 1:colcon.colcon_core.package_discovery:discover_packages(recursive) check parameters
[0.070s] Level 1:colcon.colcon_core.package_discovery:discover_packages(ignore) check parameters
[0.070s] Level 1:colcon.colcon_core.package_discovery:discover_packages(path) check parameters
[0.070s] Level 1:colcon.colcon_core.package_discovery:discover_packages(colcon_meta) discover
[0.070s] Level 1:colcon.colcon_core.package_discovery:discover_packages(recursive) discover
[0.070s] INFO:colcon.colcon_core.package_discovery:Crawling recursively for packages in '/home/ben-may/ros_workspaces/slambot_ws2/src'
[0.070s] Level 1:colcon.colcon_core.package_identification:_identify(.) by extensions ['ignore', 'ignore_ament_install']
[0.070s] Level 1:colcon.colcon_core.package_identification:_identify(.) by extension 'ignore'
[0.070s] Level 1:colcon.colcon_core.package_identification:_identify(.) by extension 'ignore_ament_install'
[0.070s] Level 1:colcon.colcon_core.package_identification:_identify(.) by extensions ['colcon_pkg']
[0.070s] Level 1:colcon.colcon_core.package_identification:_identify(.) by extension 'colcon_pkg'
[0.070s] Level 1:colcon.colcon_core.package_identification:_identify(.) by extensions ['colcon_meta']
[0.070s] Level 1:colcon.colcon_core.package_identification:_identify(.) by extension 'colcon_meta'
[0.070s] Level 1:colcon.colcon_core.package_identification:_identify(.) by extensions ['ros']
[0.070s] Level 1:colcon.colcon_core.package_identification:_identify(.) by extension 'ros'
[0.084s] Level 1:colcon.colcon_core.package_identification:_identify(.) by extensions ['cmake', 'python']
[0.084s] Level 1:colcon.colcon_core.package_identification:_identify(.) by extension 'cmake'
[0.084s] Level 1:colcon.colcon_core.package_identification:_identify(.) by extension 'python'
[0.084s] Level 1:colcon.colcon_core.package_identification:_identify(.) by extensions ['python_setup_py']
[0.084s] Level 1:colcon.colcon_core.package_identification:_identify(.) by extension 'python_setup_py'
[0.084s] Level 1:colcon.colcon_core.package_identification:_identify(build) by extensions ['ignore', 'ignore_ament_install']
[0.084s] Level 1:colcon.colcon_core.package_identification:_identify(build) by extension 'ignore'
[0.084s] Level 1:colcon.colcon_core.package_identification:_identify(build) ignored
[0.084s] Level 1:colcon.colcon_core.package_identification:_identify(install) by extensions ['ignore', 'ignore_ament_install']
[0.084s] Level 1:colcon.colcon_core.package_identification:_identify(install) by extension 'ignore'
[0.084s] Level 1:colcon.colcon_core.package_identification:_identify(install) ignored
[0.084s] Level 1:colcon.colcon_core.package_identification:_identify(log) by extensions ['ignore', 'ignore_ament_install']
[0.084s] Level 1:colcon.colcon_core.package_identification:_identify(log) by extension 'ignore'
[0.084s] Level 1:colcon.colcon_core.package_identification:_identify(log) ignored
[0.084s] Level 1:colcon.colcon_core.package_identification:_identify(slambot_bringup) by extensions ['ignore', 'ignore_ament_install']
[0.084s] Level 1:colcon.colcon_core.package_identification:_identify(slambot_bringup) by extension 'ignore'
[0.084s] Level 1:colcon.colcon_core.package_identification:_identify(slambot_bringup) by extension 'ignore_ament_install'
[0.084s] Level 1:colcon.colcon_core.package_identification:_identify(slambot_bringup) by extensions ['colcon_pkg']
[0.084s] Level 1:colcon.colcon_core.package_identification:_identify(slambot_bringup) by extension 'colcon_pkg'
[0.084s] Level 1:colcon.colcon_core.package_identification:_identify(slambot_bringup) by extensions ['colcon_meta']
[0.084s] Level 1:colcon.colcon_core.package_identification:_identify(slambot_bringup) by extension 'colcon_meta'
[0.084s] Level 1:colcon.colcon_core.package_identification:_identify(slambot_bringup) by extensions ['ros']
[0.084s] Level 1:colcon.colcon_core.package_identification:_identify(slambot_bringup) by extension 'ros'
[0.086s] DEBUG:colcon.colcon_core.package_identification:Package 'slambot_bringup' with type 'ros.ament_cmake' and name 'slambot_bringup'
[0.086s] Level 1:colcon.colcon_core.package_identification:_identify(slambot_description) by extensions ['ignore', 'ignore_ament_install']
[0.086s] Level 1:colcon.colcon_core.package_identification:_identify(slambot_description) by extension 'ignore'
[0.086s] Level 1:colcon.colcon_core.package_identification:_identify(slambot_description) by extension 'ignore_ament_install'
[0.086s] Level 1:colcon.colcon_core.package_identification:_identify(slambot_description) by extensions ['colcon_pkg']
[0.086s] Level 1:colcon.colcon_core.package_identification:_identify(slambot_description) by extension 'colcon_pkg'
[0.086s] Level 1:colcon.colcon_core.package_identification:_identify(slambot_description) by extensions ['colcon_meta']
[0.086s] Level 1:colcon.colcon_core.package_identification:_identify(slambot_description) by extension 'colcon_meta'
[0.086s] Level 1:colcon.colcon_core.package_identification:_identify(slambot_description) by extensions ['ros']
[0.086s] Level 1:colcon.colcon_core.package_identification:_identify(slambot_description) by extension 'ros'
[0.086s] DEBUG:colcon.colcon_core.package_identification:Package 'slambot_description' with type 'ros.ament_cmake' and name 'slambot_description'
[0.086s] Level 1:colcon.colcon_core.package_identification:_identify(slambot_gazebo) by extensions ['ignore', 'ignore_ament_install']
[0.086s] Level 1:colcon.colcon_core.package_identification:_identify(slambot_gazebo) by extension 'ignore'
[0.086s] Level 1:colcon.colcon_core.package_identification:_identify(slambot_gazebo) by extension 'ignore_ament_install'
[0.086s] Level 1:colcon.colcon_core.package_identification:_identify(slambot_gazebo) by extensions ['colcon_pkg']
[0.086s] Level 1:colcon.colcon_core.package_identification:_identify(slambot_gazebo) by extension 'colcon_pkg'
[0.086s] Level 1:colcon.colcon_core.package_identification:_identify(slambot_gazebo) by extensions ['colcon_meta']
[0.086s] Level 1:colcon.colcon_core.package_identification:_identify(slambot_gazebo) by extension 'colcon_meta'
[0.086s] Level 1:colcon.colcon_core.package_identification:_identify(slambot_gazebo) by extensions ['ros']
[0.086s] Level 1:colcon.colcon_core.package_identification:_identify(slambot_gazebo) by extension 'ros'
[0.087s] DEBUG:colcon.colcon_core.package_identification:Package 'slambot_gazebo' with type 'ros.ament_cmake' and name 'slambot_gazebo'
[0.087s] Level 1:colcon.colcon_core.package_identification:_identify(slambot_localization) by extensions ['ignore', 'ignore_ament_install']
[0.087s] Level 1:colcon.colcon_core.package_identification:_identify(slambot_localization) by extension 'ignore'
[0.087s] Level 1:colcon.colcon_core.package_identification:_identify(slambot_localization) by extension 'ignore_ament_install'
[0.087s] Level 1:colcon.colcon_core.package_identification:_identify(slambot_localization) by extensions ['colcon_pkg']
[0.087s] Level 1:colcon.colcon_core.package_identification:_identify(slambot_localization) by extension 'colcon_pkg'
[0.087s] Level 1:colcon.colcon_core.package_identification:_identify(slambot_localization) by extensions ['colcon_meta']
[0.087s] Level 1:colcon.colcon_core.package_identification:_identify(slambot_localization) by extension 'colcon_meta'
[0.087s] Level 1:colcon.colcon_core.package_identification:_identify(slambot_localization) by extensions ['ros']
[0.087s] Level 1:colcon.colcon_core.package_identification:_identify(slambot_localization) by extension 'ros'
[0.087s] DEBUG:colcon.colcon_core.package_identification:Package 'slambot_localization' with type 'ros.ament_cmake' and name 'slambot_localization'
[0.087s] Level 1:colcon.colcon_core.package_identification:_identify(slambot_nav2) by extensions ['ignore', 'ignore_ament_install']
[0.087s] Level 1:colcon.colcon_core.package_identification:_identify(slambot_nav2) by extension 'ignore'
[0.087s] Level 1:colcon.colcon_core.package_identification:_identify(slambot_nav2) by extension 'ignore_ament_install'
[0.087s] Level 1:colcon.colcon_core.package_identification:_identify(slambot_nav2) by extensions ['colcon_pkg']
[0.087s] Level 1:colcon.colcon_core.package_identification:_identify(slambot_nav2) by extension 'colcon_pkg'
[0.087s] Level 1:colcon.colcon_core.package_identification:_identify(slambot_nav2) by extensions ['colcon_meta']
[0.087s] Level 1:colcon.colcon_core.package_identification:_identify(slambot_nav2) by extension 'colcon_meta'
[0.087s] Level 1:colcon.colcon_core.package_identification:_identify(slambot_nav2) by extensions ['ros']
[0.087s] Level 1:colcon.colcon_core.package_identification:_identify(slambot_nav2) by extension 'ros'
[0.087s] DEBUG:colcon.colcon_core.package_identification:Package 'slambot_nav2' with type 'ros.ament_cmake' and name 'slambot_nav2'
[0.087s] Level 1:colcon.colcon_core.package_identification:_identify(slambot_slam) by extensions ['ignore', 'ignore_ament_install']
[0.087s] Level 1:colcon.colcon_core.package_identification:_identify(slambot_slam) by extension 'ignore'
[0.088s] Level 1:colcon.colcon_core.package_identification:_identify(slambot_slam) by extension 'ignore_ament_install'
[0.088s] Level 1:colcon.colcon_core.package_identification:_identify(slambot_slam) by extensions ['colcon_pkg']
[0.088s] Level 1:colcon.colcon_core.package_identification:_identify(slambot_slam) by extension 'colcon_pkg'
[0.088s] Level 1:colcon.colcon_core.package_identification:_identify(slambot_slam) by extensions ['colcon_meta']
[0.088s] Level 1:colcon.colcon_core.package_identification:_identify(slambot_slam) by extension 'colcon_meta'
[0.088s] Level 1:colcon.colcon_core.package_identification:_identify(slambot_slam) by extensions ['ros']
[0.088s] Level 1:colcon.colcon_core.package_identification:_identify(slambot_slam) by extension 'ros'
[0.088s] DEBUG:colcon.colcon_core.package_identification:Package 'slambot_slam' with type 'ros.ament_cmake' and name 'slambot_slam'
[0.088s] Level 1:colcon.colcon_core.package_discovery:discover_packages(recursive) using defaults
[0.088s] Level 1:colcon.colcon_core.package_discovery:discover_packages(ignore) discover
[0.088s] Level 1:colcon.colcon_core.package_discovery:discover_packages(ignore) using defaults
[0.088s] Level 1:colcon.colcon_core.package_discovery:discover_packages(path) discover
[0.088s] Level 1:colcon.colcon_core.package_discovery:discover_packages(path) using defaults
[0.097s] INFO:colcon.colcon_core.package_selection:Skipping not selected package 'slambot_bringup' in 'slambot_bringup'
[0.097s] INFO:colcon.colcon_core.package_selection:Skipping not selected package 'slambot_gazebo' in 'slambot_gazebo'
[0.097s] INFO:colcon.colcon_core.package_selection:Skipping not selected package 'slambot_localization' in 'slambot_localization'
[0.097s] INFO:colcon.colcon_core.package_selection:Skipping not selected package 'slambot_nav2' in 'slambot_nav2'
[0.097s] INFO:colcon.colcon_core.package_selection:Skipping not selected package 'slambot_slam' in 'slambot_slam'
[0.097s] Level 1:colcon.colcon_core.package_discovery:discover_packages(prefix_path) check parameters
[0.097s] Level 1:colcon.colcon_core.package_discovery:discover_packages(prefix_path) discover
[0.099s] DEBUG:colcon.colcon_installed_package_information.package_discovery:Found 6 installed packages in /home/ben-may/ros_workspaces/slambot_ws2/install
[0.099s] DEBUG:colcon.colcon_installed_package_information.package_discovery:Found 5 installed packages in /home/ben-may/ros_workspaces/robot_descriptions/install
[0.099s] DEBUG:colcon.colcon_installed_package_information.package_discovery:Found 5 installed packages in /home/ben-may/ros_workspaces/slambot_ws1/install
[0.099s] DEBUG:colcon.colcon_installed_package_information.package_discovery:Found 1 installed packages in /home/ben-may/ros_workspaces/my_robot_ws/install
[0.100s] DEBUG:colcon.colcon_installed_package_information.package_discovery:Found 497 installed packages in /opt/ros/jazzy
[0.101s] Level 1:colcon.colcon_core.package_discovery:discover_packages(prefix_path) using defaults
[0.129s] Level 5:colcon.colcon_core.verb:set package 'slambot_description' build argument 'cmake_args' from command line to 'None'
[0.129s] Level 5:colcon.colcon_core.verb:set package 'slambot_description' build argument 'cmake_target' from command line to 'None'
[0.129s] Level 5:colcon.colcon_core.verb:set package 'slambot_description' build argument 'cmake_target_skip_unavailable' from command line to 'False'
[0.129s] Level 5:colcon.colcon_core.verb:set package 'slambot_description' build argument 'cmake_clean_cache' from command line to 'False'
[0.129s] Level 5:colcon.colcon_core.verb:set package 'slambot_description' build argument 'cmake_clean_first' from command line to 'False'
[0.129s] Level 5:colcon.colcon_core.verb:set package 'slambot_description' build argument 'cmake_force_configure' from command line to 'False'
[0.129s] Level 5:colcon.colcon_core.verb:set package 'slambot_description' build argument 'ament_cmake_args' from command line to 'None'
[0.129s] Level 5:colcon.colcon_core.verb:set package 'slambot_description' build argument 'catkin_cmake_args' from command line to 'None'
[0.129s] Level 5:colcon.colcon_core.verb:set package 'slambot_description' build argument 'catkin_skip_building_tests' from command line to 'False'
[0.129s] DEBUG:colcon.colcon_core.verb:Building package 'slambot_description' with the following arguments: {'ament_cmake_args': None, 'build_base': '/home/ben-may/ros_workspaces/slambot_ws2/src/build/slambot_description', 'catkin_cmake_args': None, 'catkin_skip_building_tests': False, 'cmake_args': None, 'cmake_clean_cache': False, 'cmake_clean_first': False, 'cmake_force_configure': False, 'cmake_target': None, 'cmake_target_skip_unavailable': False, 'install_base': '/home/ben-may/ros_workspaces/slambot_ws2/src/install/slambot_description', 'merge_install': False, 'path': '/home/ben-may/ros_workspaces/slambot_ws2/src/slambot_description', 'symlink_install': False, 'test_result_base': None}
[0.129s] INFO:colcon.colcon_core.executor:Executing jobs using 'parallel' executor
[0.130s] DEBUG:colcon.colcon_parallel_executor.executor.parallel:run_until_complete
[0.130s] INFO:colcon.colcon_ros.task.ament_cmake.build:Building ROS package in '/home/ben-may/ros_workspaces/slambot_ws2/src/slambot_description' with build type 'ament_cmake'
[0.130s] INFO:colcon.colcon_cmake.task.cmake.build:Building CMake package in '/home/ben-may/ros_workspaces/slambot_ws2/src/slambot_description'
[0.131s] INFO:colcon.colcon_core.plugin_system:Skipping extension 'colcon_core.shell.bat': Not used on non-Windows systems
[0.131s] INFO:colcon.colcon_core.shell:Skip shell extension 'powershell' for command environment: Not usable outside of PowerShell
[0.131s] DEBUG:colcon.colcon_core.shell:Skip shell extension 'dsv' for command environment
[0.138s] DEBUG:colcon.colcon_core.event_handler.log_command:Invoking command in '/home/ben-may/ros_workspaces/slambot_ws2/src/build/slambot_description': CMAKE_PREFIX_PATH=${CMAKE_PREFIX_PATH}:/opt/ros/jazzy DEBUGINFOD_URLS=https://debuginfod.ubuntu.com /usr/bin/cmake --build /home/ben-may/ros_workspaces/slambot_ws2/src/build/slambot_description -- -j24 -l24
[0.169s] DEBUG:colcon.colcon_core.event_handler.log_command:Invoked command in '/home/ben-may/ros_workspaces/slambot_ws2/src/build/slambot_description' returned '0': CMAKE_PREFIX_PATH=${CMAKE_PREFIX_PATH}:/opt/ros/jazzy DEBUGINFOD_URLS=https://debuginfod.ubuntu.com /usr/bin/cmake --build /home/ben-may/ros_workspaces/slambot_ws2/src/build/slambot_description -- -j24 -l24
[0.177s] DEBUG:colcon.colcon_core.event_handler.log_command:Invoking command in '/home/ben-may/ros_workspaces/slambot_ws2/src/build/slambot_description': CMAKE_PREFIX_PATH=${CMAKE_PREFIX_PATH}:/opt/ros/jazzy DEBUGINFOD_URLS=https://debuginfod.ubuntu.com /usr/bin/cmake --install /home/ben-may/ros_workspaces/slambot_ws2/src/build/slambot_description
[0.193s] Level 1:colcon.colcon_core.environment:create_environment_scripts_only(slambot_description)
[0.196s] DEBUG:colcon.colcon_core.event_handler.log_command:Invoked command in '/home/ben-may/ros_workspaces/slambot_ws2/src/build/slambot_description' returned '0': CMAKE_PREFIX_PATH=${CMAKE_PREFIX_PATH}:/opt/ros/jazzy DEBUGINFOD_URLS=https://debuginfod.ubuntu.com /usr/bin/cmake --install /home/ben-may/ros_workspaces/slambot_ws2/src/build/slambot_description
[0.199s] Level 1:colcon.colcon_core.environment:checking '/home/ben-may/ros_workspaces/slambot_ws2/src/install/slambot_description' for CMake module files
[0.199s] Level 1:colcon.colcon_core.environment:checking '/home/ben-may/ros_workspaces/slambot_ws2/src/install/slambot_description' for CMake config files
[0.199s] Level 1:colcon.colcon_core.shell:create_environment_hook('slambot_description', 'cmake_prefix_path')
[0.199s] INFO:colcon.colcon_core.shell:Creating environment hook '/home/ben-may/ros_workspaces/slambot_ws2/src/install/slambot_description/share/slambot_description/hook/cmake_prefix_path.ps1'
[0.200s] INFO:colcon.colcon_core.shell:Creating environment descriptor '/home/ben-may/ros_workspaces/slambot_ws2/src/install/slambot_description/share/slambot_description/hook/cmake_prefix_path.dsv'
[0.200s] INFO:colcon.colcon_core.shell:Creating environment hook '/home/ben-may/ros_workspaces/slambot_ws2/src/install/slambot_description/share/slambot_description/hook/cmake_prefix_path.sh'
[0.200s] Level 1:colcon.colcon_core.environment:checking '/home/ben-may/ros_workspaces/slambot_ws2/src/install/slambot_description/bin'
[0.200s] Level 1:colcon.colcon_core.environment:checking '/home/ben-may/ros_workspaces/slambot_ws2/src/install/slambot_description/lib/pkgconfig/slambot_description.pc'
[0.200s] Level 1:colcon.colcon_core.environment:checking '/home/ben-may/ros_workspaces/slambot_ws2/src/install/slambot_description/lib/python3.12/site-packages'
[0.200s] Level 1:colcon.colcon_core.environment:checking '/home/ben-may/ros_workspaces/slambot_ws2/src/install/slambot_description/bin'
[0.201s] INFO:colcon.colcon_core.shell:Creating package script '/home/ben-may/ros_workspaces/slambot_ws2/src/install/slambot_description/share/slambot_description/package.ps1'
[0.201s] INFO:colcon.colcon_core.shell:Creating package descriptor '/home/ben-may/ros_workspaces/slambot_ws2/src/install/slambot_description/share/slambot_description/package.dsv'
[0.201s] INFO:colcon.colcon_core.shell:Creating package script '/home/ben-may/ros_workspaces/slambot_ws2/src/install/slambot_description/share/slambot_description/package.sh'
[0.202s] INFO:colcon.colcon_core.shell:Creating package script '/home/ben-may/ros_workspaces/slambot_ws2/src/install/slambot_description/share/slambot_description/package.bash'
[0.202s] INFO:colcon.colcon_core.shell:Creating package script '/home/ben-may/ros_workspaces/slambot_ws2/src/install/slambot_description/share/slambot_description/package.zsh'
[0.203s] Level 1:colcon.colcon_core.environment:create_file_with_runtime_dependencies(/home/ben-may/ros_workspaces/slambot_ws2/src/install/slambot_description/share/colcon-core/packages/slambot_description)
[0.204s] Level 1:colcon.colcon_core.environment:create_environment_scripts_only(slambot_description)
[0.204s] Level 1:colcon.colcon_core.environment:checking '/home/ben-may/ros_workspaces/slambot_ws2/src/install/slambot_description' for CMake module files
[0.205s] Level 1:colcon.colcon_core.environment:checking '/home/ben-may/ros_workspaces/slambot_ws2/src/install/slambot_description' for CMake config files
[0.205s] Level 1:colcon.colcon_core.shell:create_environment_hook('slambot_description', 'cmake_prefix_path')
[0.205s] INFO:colcon.colcon_core.shell:Creating environment hook '/home/ben-may/ros_workspaces/slambot_ws2/src/install/slambot_description/share/slambot_description/hook/cmake_prefix_path.ps1'
[0.206s] INFO:colcon.colcon_core.shell:Creating environment descriptor '/home/ben-may/ros_workspaces/slambot_ws2/src/install/slambot_description/share/slambot_description/hook/cmake_prefix_path.dsv'
[0.206s] INFO:colcon.colcon_core.shell:Creating environment hook '/home/ben-may/ros_workspaces/slambot_ws2/src/install/slambot_description/share/slambot_description/hook/cmake_prefix_path.sh'
[0.207s] Level 1:colcon.colcon_core.environment:checking '/home/ben-may/ros_workspaces/slambot_ws2/src/install/slambot_description/bin'
[0.207s] Level 1:colcon.colcon_core.environment:checking '/home/ben-may/ros_workspaces/slambot_ws2/src/install/slambot_description/lib/pkgconfig/slambot_description.pc'
[0.207s] Level 1:colcon.colcon_core.environment:checking '/home/ben-may/ros_workspaces/slambot_ws2/src/install/slambot_description/lib/python3.12/site-packages'
[0.208s] Level 1:colcon.colcon_core.environment:checking '/home/ben-may/ros_workspaces/slambot_ws2/src/install/slambot_description/bin'
[0.208s] INFO:colcon.colcon_core.shell:Creating package script '/home/ben-may/ros_workspaces/slambot_ws2/src/install/slambot_description/share/slambot_description/package.ps1'
[0.209s] INFO:colcon.colcon_core.shell:Creating package descriptor '/home/ben-may/ros_workspaces/slambot_ws2/src/install/slambot_description/share/slambot_description/package.dsv'
[0.210s] INFO:colcon.colcon_core.shell:Creating package script '/home/ben-may/ros_workspaces/slambot_ws2/src/install/slambot_description/share/slambot_description/package.sh'
[0.210s] INFO:colcon.colcon_core.shell:Creating package script '/home/ben-may/ros_workspaces/slambot_ws2/src/install/slambot_description/share/slambot_description/package.bash'
[0.211s] INFO:colcon.colcon_core.shell:Creating package script '/home/ben-may/ros_workspaces/slambot_ws2/src/install/slambot_description/share/slambot_description/package.zsh'
[0.211s] Level 1:colcon.colcon_core.environment:create_file_with_runtime_dependencies(/home/ben-may/ros_workspaces/slambot_ws2/src/install/slambot_description/share/colcon-core/packages/slambot_description)
[0.212s] DEBUG:colcon.colcon_parallel_executor.executor.parallel:closing loop
[0.212s] DEBUG:colcon.colcon_parallel_executor.executor.parallel:loop closed
[0.212s] DEBUG:colcon.colcon_parallel_executor.executor.parallel:run_until_complete finished with '0'
[0.212s] DEBUG:colcon.colcon_core.event_reactor:joining thread
[0.219s] INFO:colcon.colcon_core.plugin_system:Skipping extension 'colcon_notification.desktop_notification.terminal_notifier': Not used on non-Darwin systems
[0.219s] INFO:colcon.colcon_core.plugin_system:Skipping extension 'colcon_notification.desktop_notification.win32': Not used on non-Windows systems
[0.219s] INFO:colcon.colcon_notification.desktop_notification:Sending desktop notification using 'notify2'
[0.237s] DEBUG:colcon.colcon_core.event_reactor:joined thread
[0.237s] INFO:colcon.colcon_core.shell:Creating prefix script '/home/ben-may/ros_workspaces/slambot_ws2/src/install/local_setup.ps1'
[0.238s] INFO:colcon.colcon_core.shell:Creating prefix util module '/home/ben-may/ros_workspaces/slambot_ws2/src/install/_local_setup_util_ps1.py'
[0.239s] INFO:colcon.colcon_core.shell:Creating prefix chain script '/home/ben-may/ros_workspaces/slambot_ws2/src/install/setup.ps1'
[0.240s] INFO:colcon.colcon_core.shell:Creating prefix script '/home/ben-may/ros_workspaces/slambot_ws2/src/install/local_setup.sh'
[0.240s] INFO:colcon.colcon_core.shell:Creating prefix util module '/home/ben-may/ros_workspaces/slambot_ws2/src/install/_local_setup_util_sh.py'
[0.240s] INFO:colcon.colcon_core.shell:Creating prefix chain script '/home/ben-may/ros_workspaces/slambot_ws2/src/install/setup.sh'
[0.241s] INFO:colcon.colcon_core.shell:Creating prefix script '/home/ben-may/ros_workspaces/slambot_ws2/src/install/local_setup.bash'
[0.241s] INFO:colcon.colcon_core.shell:Creating prefix chain script '/home/ben-may/ros_workspaces/slambot_ws2/src/install/setup.bash'
[0.242s] INFO:colcon.colcon_core.shell:Creating prefix script '/home/ben-may/ros_workspaces/slambot_ws2/src/install/local_setup.zsh'
[0.242s] INFO:colcon.colcon_core.shell:Creating prefix chain script '/home/ben-may/ros_workspaces/slambot_ws2/src/install/setup.zsh'
